Arguments: 
  /home/sarod/.nvm/versions/node/v8.12.0/bin/node /usr/share/yarn/bin/yarn.js init

PATH: 
  /home/sarod/gems/bin:/home/sarod/dev/git/mdm-master2/com.semarchy.releng.mdm/AWS-scripts/s3access:/home/sarod/.nvm/versions/node/v8.12.0/bin:/home/sarod/bin:/usr/local/bin:/home/sarod/.sdkman/candidates/maven/current/bin:/home/sarod/.sdkman/candidates/kotlin/current/bin:/home/sarod/.sdkman/candidates/java/current/bin:/home/sarod/.sdkman/candidates/gradle/current/bin:/home/sarod/bin:/home/sarod/.local/bin:/usr/local/sbin:/usr/local/bin:/usr/sbin:/usr/bin:/sbin:/bin:/usr/games:/usr/local/games:/snap/bin

Yarn version: 
  1.13.0

Node version: 
  8.12.0

Platform: 
  linux x64

Trace: 
  Error: canceled
      at Interface.<anonymous> (/usr/share/yarn/lib/cli.js:125657:13)
      at emitNone (events.js:106:13)
      at Interface.emit (events.js:208:7)
      at Interface._ttyWrite (readline.js:774:16)
      at ReadStream.onkeypress (readline.js:158:10)
      at emitTwo (events.js:126:13)
      at ReadStream.emit (events.js:214:7)
      at emitKeys (internal/readline.js:420:14)
      at emitKeys.next (<anonymous>)
      at ReadStream.onData (readline.js:1010:36)

npm manifest: 
  No manifest

yarn manifest: 
  No manifest

Lockfile: 
  No lockfile
